<?xml version="1.0" ?>
<coverage version="7.13.1" timestamp="1774619265123" lines-valid="983" lines-covered="119" line-rate="0.1211" branches-covered="0" branches-valid="0" branch-rate="0" complexity="0">
	<!-- Generated by coverage.py: https://coverage.readthedocs.io/en/7.13.1 -->
	<!-- Based on https://raw.githubusercontent.com/cobertura/web/master/htdocs/xml/coverage-04.dtd -->
	<sources>
		<source>/root/code/Romain-Ber/Epitech/VisioBook-ESP/content-ingestion-service/src</source>
	</sources>
	<packages>
		<package name="." line-rate="0.125" branch-rate="0" complexity="0">
			<classes>
				<class name="__init__.py" filename="__init__.py" complexity="0" line-rate="1" branch-rate="0">
					<methods/>
					<lines>
						<line number="3" hits="1"/>
					</lines>
				</class>
				<class name="main.py" filename="main.py" complexity="0" line-rate="0" branch-rate="0">
					<methods/>
					<lines>
						<line number="1" hits="0"/>
						<line number="2" hits="0"/>
						<line number="4" hits="0"/>
						<line number="5" hits="0"/>
						<line number="7" hits="0"/>
						<line number="14" hits="0"/>
						<line number="22" hits="0"/>
					</lines>
				</class>
			</classes>
		</package>
		<package name="api" line-rate="1" branch-rate="0" complexity="0">
			<classes>
				<class name="__init__.py" filename="api/__init__.py" complexity="0" line-rate="1" branch-rate="0">
					<methods/>
					<lines/>
				</class>
			</classes>
		</package>
		<package name="api.v1" line-rate="0" branch-rate="0" complexity="0">
			<classes>
				<class name="__init__.py" filename="api/v1/__init__.py" complexity="0" line-rate="1" branch-rate="0">
					<methods/>
					<lines/>
				</class>
				<class name="api.py" filename="api/v1/api.py" complexity="0" line-rate="0" branch-rate="0">
					<methods/>
					<lines>
						<line number="1" hits="0"/>
						<line number="3" hits="0"/>
						<line number="5" hits="0"/>
						<line number="6" hits="0"/>
						<line number="7" hits="0"/>
						<line number="8" hits="0"/>
						<line number="9" hits="0"/>
						<line number="10" hits="0"/>
						<line number="11" hits="0"/>
						<line number="12" hits="0"/>
					</lines>
				</class>
			</classes>
		</package>
		<package name="api.v1.routers" line-rate="0.02643" branch-rate="0" complexity="0">
			<classes>
				<class name="__init__.py" filename="api/v1/routers/__init__.py" complexity="0" line-rate="1" branch-rate="0">
					<methods/>
					<lines/>
				</class>
				<class name="extract.py" filename="api/v1/routers/extract.py" complexity="0" line-rate="0" branch-rate="0">
					<methods/>
					<lines>
						<line number="1" hits="0"/>
						<line number="2" hits="0"/>
						<line number="4" hits="0"/>
						<line number="5" hits="0"/>
						<line number="7" hits="0"/>
						<line number="8" hits="0"/>
						<line number="9" hits="0"/>
						<line number="10" hits="0"/>
						<line number="11" hits="0"/>
						<line number="12" hits="0"/>
						<line number="13" hits="0"/>
						<line number="15" hits="0"/>
						<line number="16" hits="0"/>
						<line number="24" hits="0"/>
						<line number="27" hits="0"/>
						<line number="28" hits="0"/>
						<line number="29" hits="0"/>
						<line number="30" hits="0"/>
						<line number="33" hits="0"/>
						<line number="34" hits="0"/>
						<line number="35" hits="0"/>
						<line number="37" hits="0"/>
						<line number="38" hits="0"/>
						<line number="39" hits="0"/>
						<line number="40" hits="0"/>
						<line number="42" hits="0"/>
						<line number="43" hits="0"/>
						<line number="44" hits="0"/>
						<line number="45" hits="0"/>
						<line number="47" hits="0"/>
						<line number="52" hits="0"/>
						<line number="53" hits="0"/>
						<line number="55" hits="0"/>
						<line number="58" hits="0"/>
						<line number="59" hits="0"/>
						<line number="60" hits="0"/>
						<line number="62" hits="0"/>
						<line number="63" hits="0"/>
						<line number="64" hits="0"/>
						<line number="65" hits="0"/>
						<line number="67" hits="0"/>
						<line number="68" hits="0"/>
						<line number="69" hits="0"/>
						<line number="70" hits="0"/>
						<line number="71" hits="0"/>
						<line number="73" hits="0"/>
						<line number="82" hits="0"/>
						<line number="83" hits="0"/>
						<line number="85" hits="0"/>
					</lines>
				</class>
				<class name="folder.py" filename="api/v1/routers/folder.py" complexity="0" line-rate="0" branch-rate="0">
					<methods/>
					<lines>
						<line number="1" hits="0"/>
						<line number="3" hits="0"/>
						<line number="4" hits="0"/>
						<line number="6" hits="0"/>
						<line number="7" hits="0"/>
						<line number="9" hits="0"/>
						<line number="12" hits="0"/>
						<line number="13" hits="0"/>
						<line number="16" hits="0"/>
						<line number="17" hits="0"/>
						<line number="19" hits="0"/>
						<line number="22" hits="0"/>
						<line number="23" hits="0"/>
						<line number="30" hits="0"/>
						<line number="31" hits="0"/>
						<line number="32" hits="0"/>
						<line number="33" hits="0"/>
					</lines>
				</class>
				<class name="health.py" filename="api/v1/routers/health.py" complexity="0" line-rate="0" branch-rate="0">
					<methods/>
					<lines>
						<line number="3" hits="0"/>
						<line number="4" hits="0"/>
						<line number="6" hits="0"/>
						<line number="8" hits="0"/>
						<line number="11" hits="0"/>
						<line number="12" hits="0"/>
						<line number="14" hits="0"/>
						<line number="20" hits="0"/>
						<line number="21" hits="0"/>
						<line number="23" hits="0"/>
						<line number="24" hits="0"/>
						<line number="25" hits="0"/>
						<line number="26" hits="0"/>
						<line number="30" hits="0"/>
						<line number="31" hits="0"/>
						<line number="38" hits="0"/>
						<line number="39" hits="0"/>
						<line number="41" hits="0"/>
					</lines>
				</class>
				<class name="ingest.py" filename="api/v1/routers/ingest.py" complexity="0" line-rate="0.1818" branch-rate="0">
					<methods/>
					<lines>
						<line number="1" hits="1"/>
						<line number="3" hits="1"/>
						<line number="4" hits="1"/>
						<line number="6" hits="1"/>
						<line number="11" hits="1"/>
						<line number="12" hits="1"/>
						<line number="13" hits="0"/>
						<line number="15" hits="0"/>
						<line number="18" hits="0"/>
						<line number="19" hits="0"/>
						<line number="20" hits="0"/>
						<line number="21" hits="0"/>
						<line number="24" hits="0"/>
						<line number="25" hits="0"/>
						<line number="32" hits="0"/>
						<line number="33" hits="0"/>
						<line number="43" hits="0"/>
						<line number="46" hits="0"/>
						<line number="47" hits="0"/>
						<line number="48" hits="0"/>
						<line number="49" hits="0"/>
						<line number="50" hits="0"/>
						<line number="51" hits="0"/>
						<line number="54" hits="0"/>
						<line number="55" hits="0"/>
						<line number="56" hits="0"/>
						<line number="57" hits="0"/>
						<line number="58" hits="0"/>
						<line number="60" hits="0"/>
						<line number="61" hits="0"/>
						<line number="62" hits="0"/>
						<line number="68" hits="0"/>
						<line number="69" hits="0"/>
					</lines>
				</class>
				<class name="preprocess.py" filename="api/v1/routers/preprocess.py" complexity="0" line-rate="0" branch-rate="0">
					<methods/>
					<lines>
						<line number="1" hits="0"/>
						<line number="3" hits="0"/>
						<line number="4" hits="0"/>
						<line number="6" hits="0"/>
						<line number="7" hits="0"/>
						<line number="8" hits="0"/>
						<line number="10" hits="0"/>
						<line number="11" hits="0"/>
						<line number="12" hits="0"/>
						<line number="15" hits="0"/>
						<line number="16" hits="0"/>
						<line number="17" hits="0"/>
						<line number="20" hits="0"/>
						<line number="21" hits="0"/>
						<line number="22" hits="0"/>
						<line number="23" hits="0"/>
						<line number="26" hits="0"/>
						<line number="27" hits="0"/>
						<line number="28" hits="0"/>
						<line number="29" hits="0"/>
						<line number="32" hits="0"/>
						<line number="33" hits="0"/>
						<line number="34" hits="0"/>
						<line number="35" hits="0"/>
						<line number="36" hits="0"/>
						<line number="39" hits="0"/>
						<line number="40" hits="0"/>
						<line number="41" hits="0"/>
						<line number="42" hits="0"/>
						<line number="45" hits="0"/>
						<line number="46" hits="0"/>
						<line number="47" hits="0"/>
						<line number="48" hits="0"/>
						<line number="55" hits="0"/>
						<line number="56" hits="0"/>
						<line number="57" hits="0"/>
						<line number="58" hits="0"/>
					</lines>
				</class>
				<class name="upload.py" filename="api/v1/routers/upload.py" complexity="0" line-rate="0" branch-rate="0">
					<methods/>
					<lines>
						<line number="3" hits="0"/>
						<line number="4" hits="0"/>
						<line number="6" hits="0"/>
						<line number="7" hits="0"/>
						<line number="9" hits="0"/>
						<line number="10" hits="0"/>
						<line number="12" hits="0"/>
						<line number="15" hits="0"/>
						<line number="16" hits="0"/>
						<line number="17" hits="0"/>
						<line number="20" hits="0"/>
						<line number="21" hits="0"/>
						<line number="22" hits="0"/>
						<line number="23" hits="0"/>
						<line number="24" hits="0"/>
						<line number="27" hits="0"/>
						<line number="28" hits="0"/>
						<line number="38" hits="0"/>
						<line number="39" hits="0"/>
						<line number="40" hits="0"/>
						<line number="42" hits="0"/>
						<line number="43" hits="0"/>
						<line number="45" hits="0"/>
						<line number="51" hits="0"/>
					</lines>
				</class>
				<class name="validate.py" filename="api/v1/routers/validate.py" complexity="0" line-rate="0" branch-rate="0">
					<methods/>
					<lines>
						<line number="1" hits="0"/>
						<line number="2" hits="0"/>
						<line number="3" hits="0"/>
						<line number="5" hits="0"/>
						<line number="6" hits="0"/>
						<line number="8" hits="0"/>
						<line number="9" hits="0"/>
						<line number="10" hits="0"/>
						<line number="11" hits="0"/>
						<line number="12" hits="0"/>
						<line number="13" hits="0"/>
						<line number="15" hits="0"/>
						<line number="17" hits="0"/>
						<line number="31" hits="0"/>
						<line number="33" hits="0"/>
						<line number="44" hits="0"/>
						<line number="45" hits="0"/>
						<line number="46" hits="0"/>
						<line number="47" hits="0"/>
						<line number="48" hits="0"/>
						<line number="49" hits="0"/>
						<line number="52" hits="0"/>
						<line number="53" hits="0"/>
						<line number="60" hits="0"/>
						<line number="61" hits="0"/>
						<line number="62" hits="0"/>
						<line number="65" hits="0"/>
						<line number="66" hits="0"/>
						<line number="67" hits="0"/>
						<line number="70" hits="0"/>
						<line number="71" hits="0"/>
						<line number="72" hits="0"/>
						<line number="74" hits="0"/>
						<line number="75" hits="0"/>
						<line number="76" hits="0"/>
						<line number="77" hits="0"/>
						<line number="82" hits="0"/>
						<line number="83" hits="0"/>
						<line number="84" hits="0"/>
						<line number="85" hits="0"/>
						<line number="87" hits="0"/>
						<line number="88" hits="0"/>
						<line number="89" hits="0"/>
						<line number="90" hits="0"/>
						<line number="91" hits="0"/>
						<line number="92" hits="0"/>
						<line number="93" hits="0"/>
						<line number="95" hits="0"/>
						<line number="97" hits="0"/>
					</lines>
				</class>
			</classes>
		</package>
		<package name="clients" line-rate="0.06422" branch-rate="0" complexity="0">
			<classes>
				<class name="__init__.py" filename="clients/__init__.py" complexity="0" line-rate="0.3333" branch-rate="0">
					<methods/>
					<lines>
						<line number="3" hits="1"/>
						<line number="4" hits="0"/>
						<line number="6" hits="0"/>
					</lines>
				</class>
				<class name="database_client.py" filename="clients/database_client.py" complexity="0" line-rate="0.08571" branch-rate="0">
					<methods/>
					<lines>
						<line number="3" hits="1"/>
						<line number="4" hits="1"/>
						<line number="5" hits="1"/>
						<line number="7" hits="1"/>
						<line number="8" hits="1"/>
						<line number="10" hits="1"/>
						<line number="11" hits="0"/>
						<line number="12" hits="0"/>
						<line number="14" hits="0"/>
						<line number="17" hits="0"/>
						<line number="18" hits="0"/>
						<line number="25" hits="0"/>
						<line number="26" hits="0"/>
						<line number="27" hits="0"/>
						<line number="49" hits="0"/>
						<line number="50" hits="0"/>
						<line number="51" hits="0"/>
						<line number="52" hits="0"/>
						<line number="53" hits="0"/>
						<line number="54" hits="0"/>
						<line number="56" hits="0"/>
						<line number="58" hits="0"/>
						<line number="59" hits="0"/>
						<line number="60" hits="0"/>
						<line number="61" hits="0"/>
						<line number="62" hits="0"/>
						<line number="63" hits="0"/>
						<line number="64" hits="0"/>
						<line number="65" hits="0"/>
						<line number="66" hits="0"/>
						<line number="67" hits="0"/>
						<line number="69" hits="0"/>
						<line number="71" hits="0"/>
						<line number="72" hits="0"/>
						<line number="73" hits="0"/>
						<line number="74" hits="0"/>
						<line number="75" hits="0"/>
						<line number="76" hits="0"/>
						<line number="77" hits="0"/>
						<line number="78" hits="0"/>
						<line number="79" hits="0"/>
						<line number="80" hits="0"/>
						<line number="81" hits="0"/>
						<line number="83" hits="0"/>
						<line number="85" hits="0"/>
						<line number="86" hits="0"/>
						<line number="87" hits="0"/>
						<line number="90" hits="0"/>
						<line number="91" hits="0"/>
						<line number="92" hits="0"/>
						<line number="93" hits="0"/>
						<line number="94" hits="0"/>
						<line number="96" hits="0"/>
						<line number="98" hits="0"/>
						<line number="99" hits="0"/>
						<line number="100" hits="0"/>
						<line number="101" hits="0"/>
						<line number="102" hits="0"/>
						<line number="103" hits="0"/>
						<line number="104" hits="0"/>
						<line number="105" hits="0"/>
						<line number="106" hits="0"/>
						<line number="107" hits="0"/>
						<line number="109" hits="0"/>
						<line number="110" hits="0"/>
						<line number="111" hits="0"/>
						<line number="112" hits="0"/>
						<line number="113" hits="0"/>
						<line number="114" hits="0"/>
						<line number="115" hits="0"/>
					</lines>
				</class>
				<class name="user_core_client.py" filename="clients/user_core_client.py" complexity="0" line-rate="0" branch-rate="0">
					<methods/>
					<lines>
						<line number="12" hits="0"/>
						<line number="13" hits="0"/>
						<line number="15" hits="0"/>
						<line number="17" hits="0"/>
						<line number="19" hits="0"/>
						<line number="22" hits="0"/>
						<line number="23" hits="0"/>
						<line number="24" hits="0"/>
						<line number="25" hits="0"/>
						<line number="26" hits="0"/>
						<line number="28" hits="0"/>
						<line number="34" hits="0"/>
						<line number="35" hits="0"/>
						<line number="36" hits="0"/>
						<line number="37" hits="0"/>
						<line number="38" hits="0"/>
						<line number="42" hits="0"/>
						<line number="43" hits="0"/>
						<line number="44" hits="0"/>
						<line number="45" hits="0"/>
						<line number="46" hits="0"/>
						<line number="47" hits="0"/>
						<line number="48" hits="0"/>
						<line number="49" hits="0"/>
						<line number="50" hits="0"/>
						<line number="51" hits="0"/>
						<line number="53" hits="0"/>
						<line number="55" hits="0"/>
						<line number="56" hits="0"/>
						<line number="57" hits="0"/>
						<line number="58" hits="0"/>
						<line number="62" hits="0"/>
						<line number="63" hits="0"/>
						<line number="64" hits="0"/>
						<line number="65" hits="0"/>
						<line number="66" hits="0"/>
					</lines>
				</class>
			</classes>
		</package>
		<package name="core" line-rate="0.7391" branch-rate="0" complexity="0">
			<classes>
				<class name="__init__.py" filename="core/__init__.py" complexity="0" line-rate="1" branch-rate="0">
					<methods/>
					<lines/>
				</class>
				<class name="config.py" filename="core/config.py" complexity="0" line-rate="0.9149" branch-rate="0">
					<methods/>
					<lines>
						<line number="3" hits="1"/>
						<line number="4" hits="1"/>
						<line number="6" hits="1"/>
						<line number="7" hits="1"/>
						<line number="10" hits="1"/>
						<line number="13" hits="1"/>
						<line number="21" hits="1"/>
						<line number="22" hits="1"/>
						<line number="23" hits="1"/>
						<line number="24" hits="1"/>
						<line number="25" hits="1"/>
						<line number="28" hits="1"/>
						<line number="29" hits="1"/>
						<line number="30" hits="1"/>
						<line number="33" hits="1"/>
						<line number="34" hits="1"/>
						<line number="35" hits="1"/>
						<line number="38" hits="1"/>
						<line number="39" hits="1"/>
						<line number="42" hits="1"/>
						<line number="43" hits="1"/>
						<line number="44" hits="1"/>
						<line number="47" hits="1"/>
						<line number="52" hits="1"/>
						<line number="53" hits="1"/>
						<line number="54" hits="0"/>
						<line number="55" hits="0"/>
						<line number="56" hits="0"/>
						<line number="57" hits="0"/>
						<line number="60" hits="1"/>
						<line number="61" hits="1"/>
						<line number="62" hits="1"/>
						<line number="63" hits="1"/>
						<line number="64" hits="1"/>
						<line number="65" hits="1"/>
						<line number="68" hits="1"/>
						<line number="69" hits="1"/>
						<line number="70" hits="1"/>
						<line number="71" hits="1"/>
						<line number="72" hits="1"/>
						<line number="73" hits="1"/>
						<line number="76" hits="1"/>
						<line number="77" hits="1"/>
						<line number="78" hits="1"/>
						<line number="79" hits="1"/>
						<line number="80" hits="1"/>
						<line number="83" hits="1"/>
					</lines>
				</class>
				<class name="dependencies.py" filename="core/dependencies.py" complexity="0" line-rate="0.3636" branch-rate="0">
					<methods/>
					<lines>
						<line number="3" hits="1"/>
						<line number="4" hits="1"/>
						<line number="6" hits="1"/>
						<line number="9" hits="1"/>
						<line number="15" hits="1"/>
						<line number="26" hits="0"/>
						<line number="27" hits="0"/>
						<line number="29" hits="0"/>
						<line number="30" hits="0"/>
						<line number="31" hits="0"/>
						<line number="35" hits="0"/>
						<line number="38" hits="1"/>
						<line number="42" hits="0"/>
						<line number="43" hits="0"/>
						<line number="44" hits="0"/>
						<line number="45" hits="0"/>
						<line number="46" hits="0"/>
						<line number="47" hits="0"/>
						<line number="50" hits="1"/>
						<line number="58" hits="0"/>
						<line number="61" hits="1"/>
						<line number="65" hits="0"/>
					</lines>
				</class>
			</classes>
		</package>
		<package name="database" line-rate="0.381" branch-rate="0" complexity="0">
			<classes>
				<class name="__init__.py" filename="database/__init__.py" complexity="0" line-rate="0.5" branch-rate="0">
					<methods/>
					<lines>
						<line number="3" hits="1"/>
						<line number="5" hits="0"/>
					</lines>
				</class>
				<class name="connection.py" filename="database/connection.py" complexity="0" line-rate="0.3684" branch-rate="0">
					<methods/>
					<lines>
						<line number="3" hits="1"/>
						<line number="4" hits="1"/>
						<line number="6" hits="1"/>
						<line number="8" hits="1"/>
						<line number="10" hits="1"/>
						<line number="11" hits="1"/>
						<line number="12" hits="0"/>
						<line number="14" hits="1"/>
						<line number="21" hits="0"/>
						<line number="30" hits="0"/>
						<line number="31" hits="0"/>
						<line number="32" hits="0"/>
						<line number="33" hits="0"/>
						<line number="34" hits="0"/>
						<line number="35" hits="0"/>
						<line number="36" hits="0"/>
						<line number="37" hits="0"/>
						<line number="38" hits="0"/>
						<line number="40" hits="0"/>
					</lines>
				</class>
			</classes>
		</package>
		<package name="models" line-rate="0" branch-rate="0" complexity="0">
			<classes>
				<class name="__init__.py" filename="models/__init__.py" complexity="0" line-rate="0" branch-rate="0">
					<methods/>
					<lines>
						<line number="3" hits="0"/>
						<line number="4" hits="0"/>
						<line number="6" hits="0"/>
					</lines>
				</class>
				<class name="document.py" filename="models/document.py" complexity="0" line-rate="0" branch-rate="0">
					<methods/>
					<lines>
						<line number="3" hits="0"/>
						<line number="4" hits="0"/>
						<line number="6" hits="0"/>
						<line number="7" hits="0"/>
						<line number="8" hits="0"/>
						<line number="11" hits="0"/>
						<line number="14" hits="0"/>
						<line number="17" hits="0"/>
						<line number="20" hits="0"/>
						<line number="22" hits="0"/>
						<line number="27" hits="0"/>
						<line number="33" hits="0"/>
						<line number="38" hits="0"/>
						<line number="42" hits="0"/>
						<line number="46" hits="0"/>
						<line number="51" hits="0"/>
						<line number="55" hits="0"/>
						<line number="59" hits="0"/>
						<line number="64" hits="0"/>
						<line number="71" hits="0"/>
					</lines>
				</class>
				<class name="folder.py" filename="models/folder.py" complexity="0" line-rate="0" branch-rate="0">
					<methods/>
					<lines>
						<line number="3" hits="0"/>
						<line number="4" hits="0"/>
						<line number="6" hits="0"/>
						<line number="7" hits="0"/>
						<line number="8" hits="0"/>
						<line number="10" hits="0"/>
						<line number="13" hits="0"/>
						<line number="16" hits="0"/>
						<line number="18" hits="0"/>
						<line number="23" hits="0"/>
						<line number="29" hits="0"/>
						<line number="35" hits="0"/>
					</lines>
				</class>
			</classes>
		</package>
		<package name="processors" line-rate="0" branch-rate="0" complexity="0">
			<classes>
				<class name="__init__.py" filename="processors/__init__.py" complexity="0" line-rate="0" branch-rate="0">
					<methods/>
					<lines>
						<line number="3" hits="0"/>
						<line number="4" hits="0"/>
						<line number="5" hits="0"/>
						<line number="6" hits="0"/>
						<line number="7" hits="0"/>
						<line number="8" hits="0"/>
						<line number="9" hits="0"/>
						<line number="11" hits="0"/>
					</lines>
				</class>
				<class name="base.py" filename="processors/base.py" complexity="0" line-rate="0" branch-rate="0">
					<methods/>
					<lines>
						<line number="1" hits="0"/>
						<line number="4" hits="0"/>
					</lines>
				</class>
				<class name="docx_processor.py" filename="processors/docx_processor.py" complexity="0" line-rate="0" branch-rate="0">
					<methods/>
					<lines>
						<line number="1" hits="0"/>
						<line number="3" hits="0"/>
						<line number="4" hits="0"/>
						<line number="6" hits="0"/>
						<line number="7" hits="0"/>
						<line number="8" hits="0"/>
						<line number="11" hits="0"/>
						<line number="12" hits="0"/>
						<line number="13" hits="0"/>
						<line number="15" hits="0"/>
						<line number="16" hits="0"/>
						<line number="17" hits="0"/>
						<line number="22" hits="0"/>
						<line number="23" hits="0"/>
						<line number="24" hits="0"/>
						<line number="26" hits="0"/>
						<line number="27" hits="0"/>
						<line number="28" hits="0"/>
						<line number="30" hits="0"/>
						<line number="31" hits="0"/>
						<line number="33" hits="0"/>
					</lines>
				</class>
				<class name="html_processor.py" filename="processors/html_processor.py" complexity="0" line-rate="0" branch-rate="0">
					<methods/>
					<lines>
						<line number="1" hits="0"/>
						<line number="3" hits="0"/>
						<line number="5" hits="0"/>
						<line number="6" hits="0"/>
						<line number="8" hits="0"/>
						<line number="9" hits="0"/>
						<line number="10" hits="0"/>
						<line number="13" hits="0"/>
						<line number="14" hits="0"/>
						<line number="15" hits="0"/>
						<line number="17" hits="0"/>
						<line number="18" hits="0"/>
						<line number="19" hits="0"/>
						<line number="21" hits="0"/>
						<line number="22" hits="0"/>
						<line number="24" hits="0"/>
						<line number="25" hits="0"/>
						<line number="27" hits="0"/>
						<line number="29" hits="0"/>
						<line number="32" hits="0"/>
						<line number="33" hits="0"/>
						<line number="34" hits="0"/>
						<line number="36" hits="0"/>
						<line number="37" hits="0"/>
						<line number="39" hits="0"/>
						<line number="40" hits="0"/>
						<line number="41" hits="0"/>
						<line number="43" hits="0"/>
						<line number="45" hits="0"/>
						<line number="46" hits="0"/>
						<line number="48" hits="0"/>
						<line number="49" hits="0"/>
						<line number="50" hits="0"/>
						<line number="52" hits="0"/>
						<line number="53" hits="0"/>
						<line number="54" hits="0"/>
						<line number="56" hits="0"/>
						<line number="57" hits="0"/>
						<line number="58" hits="0"/>
						<line number="60" hits="0"/>
						<line number="63" hits="0"/>
						<line number="64" hits="0"/>
						<line number="66" hits="0"/>
					</lines>
				</class>
				<class name="ocr_processor.py" filename="processors/ocr_processor.py" complexity="0" line-rate="0" branch-rate="0">
					<methods/>
					<lines>
						<line number="1" hits="0"/>
						<line number="3" hits="0"/>
						<line number="4" hits="0"/>
						<line number="6" hits="0"/>
						<line number="8" hits="0"/>
						<line number="10" hits="0"/>
						<line number="13" hits="0"/>
						<line number="15" hits="0"/>
						<line number="16" hits="0"/>
						<line number="18" hits="0"/>
						<line number="19" hits="0"/>
						<line number="21" hits="0"/>
						<line number="23" hits="0"/>
						<line number="24" hits="0"/>
						<line number="25" hits="0"/>
						<line number="26" hits="0"/>
						<line number="27" hits="0"/>
						<line number="29" hits="0"/>
						<line number="30" hits="0"/>
						<line number="31" hits="0"/>
						<line number="32" hits="0"/>
						<line number="33" hits="0"/>
						<line number="34" hits="0"/>
						<line number="35" hits="0"/>
						<line number="36" hits="0"/>
						<line number="37" hits="0"/>
						<line number="39" hits="0"/>
						<line number="40" hits="0"/>
						<line number="41" hits="0"/>
						<line number="42" hits="0"/>
						<line number="50" hits="0"/>
						<line number="51" hits="0"/>
						<line number="52" hits="0"/>
					</lines>
				</class>
				<class name="pdf_processor.py" filename="processors/pdf_processor.py" complexity="0" line-rate="0" branch-rate="0">
					<methods/>
					<lines>
						<line number="1" hits="0"/>
						<line number="3" hits="0"/>
						<line number="4" hits="0"/>
						<line number="6" hits="0"/>
						<line number="7" hits="0"/>
						<line number="8" hits="0"/>
						<line number="11" hits="0"/>
						<line number="12" hits="0"/>
						<line number="13" hits="0"/>
						<line number="15" hits="0"/>
						<line number="16" hits="0"/>
						<line number="17" hits="0"/>
						<line number="21" hits="0"/>
						<line number="22" hits="0"/>
						<line number="23" hits="0"/>
						<line number="24" hits="0"/>
						<line number="25" hits="0"/>
						<line number="26" hits="0"/>
						<line number="27" hits="0"/>
						<line number="29" hits="0"/>
						<line number="31" hits="0"/>
						<line number="32" hits="0"/>
						<line number="33" hits="0"/>
						<line number="35" hits="0"/>
						<line number="36" hits="0"/>
						<line number="37" hits="0"/>
						<line number="38" hits="0"/>
						<line number="40" hits="0"/>
					</lines>
				</class>
				<class name="processor_factory.py" filename="processors/processor_factory.py" complexity="0" line-rate="0" branch-rate="0">
					<methods/>
					<lines>
						<line number="1" hits="0"/>
						<line number="2" hits="0"/>
						<line number="3" hits="0"/>
						<line number="5" hits="0"/>
						<line number="6" hits="0"/>
						<line number="7" hits="0"/>
						<line number="8" hits="0"/>
						<line number="9" hits="0"/>
					</lines>
				</class>
				<class name="txt_processor.py" filename="processors/txt_processor.py" complexity="0" line-rate="0" branch-rate="0">
					<methods/>
					<lines>
						<line number="1" hits="0"/>
						<line number="4" hits="0"/>
						<line number="5" hits="0"/>
						<line number="6" hits="0"/>
						<line number="8" hits="0"/>
						<line number="9" hits="0"/>
						<line number="10" hits="0"/>
						<line number="12" hits="0"/>
						<line number="13" hits="0"/>
					</lines>
				</class>
			</classes>
		</package>
		<package name="schemas" line-rate="1" branch-rate="0" complexity="0">
			<classes>
				<class name="__init__.py" filename="schemas/__init__.py" complexity="0" line-rate="1" branch-rate="0">
					<methods/>
					<lines>
						<line number="3" hits="1"/>
						<line number="4" hits="1"/>
						<line number="5" hits="1"/>
						<line number="7" hits="1"/>
					</lines>
				</class>
				<class name="extract.py" filename="schemas/extract.py" complexity="0" line-rate="1" branch-rate="0">
					<methods/>
					<lines>
						<line number="1" hits="1"/>
						<line number="2" hits="1"/>
						<line number="4" hits="1"/>
						<line number="7" hits="1"/>
						<line number="8" hits="1"/>
						<line number="9" hits="1"/>
						<line number="10" hits="1"/>
						<line number="11" hits="1"/>
						<line number="12" hits="1"/>
						<line number="13" hits="1"/>
						<line number="14" hits="1"/>
					</lines>
				</class>
				<class name="ingest.py" filename="schemas/ingest.py" complexity="0" line-rate="1" branch-rate="0">
					<methods/>
					<lines>
						<line number="1" hits="1"/>
						<line number="3" hits="1"/>
						<line number="6" hits="1"/>
						<line number="7" hits="1"/>
						<line number="8" hits="1"/>
						<line number="9" hits="1"/>
						<line number="10" hits="1"/>
						<line number="13" hits="1"/>
						<line number="14" hits="1"/>
						<line number="15" hits="1"/>
						<line number="16" hits="1"/>
						<line number="19" hits="1"/>
						<line number="20" hits="1"/>
						<line number="21" hits="1"/>
					</lines>
				</class>
				<class name="preprocess.py" filename="schemas/preprocess.py" complexity="0" line-rate="1" branch-rate="0">
					<methods/>
					<lines>
						<line number="1" hits="1"/>
						<line number="3" hits="1"/>
						<line number="6" hits="1"/>
						<line number="7" hits="1"/>
						<line number="8" hits="1"/>
						<line number="9" hits="1"/>
						<line number="10" hits="1"/>
						<line number="11" hits="1"/>
						<line number="14" hits="1"/>
						<line number="15" hits="1"/>
						<line number="16" hits="1"/>
						<line number="19" hits="1"/>
						<line number="20" hits="1"/>
						<line number="21" hits="1"/>
					</lines>
				</class>
			</classes>
		</package>
		<package name="services" line-rate="0" branch-rate="0" complexity="0">
			<classes>
				<class name="__init__.py" filename="services/__init__.py" complexity="0" line-rate="0" branch-rate="0">
					<methods/>
					<lines>
						<line number="3" hits="0"/>
						<line number="4" hits="0"/>
						<line number="5" hits="0"/>
						<line number="6" hits="0"/>
						<line number="7" hits="0"/>
						<line number="9" hits="0"/>
					</lines>
				</class>
				<class name="chunking_service.py" filename="services/chunking_service.py" complexity="0" line-rate="0" branch-rate="0">
					<methods/>
					<lines>
						<line number="1" hits="0"/>
						<line number="2" hits="0"/>
						<line number="3" hits="0"/>
						<line number="4" hits="0"/>
						<line number="5" hits="0"/>
						<line number="6" hits="0"/>
						<line number="7" hits="0"/>
						<line number="8" hits="0"/>
						<line number="9" hits="0"/>
						<line number="10" hits="0"/>
						<line number="11" hits="0"/>
						<line number="12" hits="0"/>
					</lines>
				</class>
				<class name="ingestion_service.py" filename="services/ingestion_service.py" complexity="0" line-rate="0" branch-rate="0">
					<methods/>
					<lines>
						<line number="3" hits="0"/>
						<line number="4" hits="0"/>
						<line number="5" hits="0"/>
						<line number="6" hits="0"/>
						<line number="8" hits="0"/>
						<line number="10" hits="0"/>
						<line number="13" hits="0"/>
						<line number="14" hits="0"/>
						<line number="23" hits="0"/>
						<line number="24" hits="0"/>
						<line number="25" hits="0"/>
						<line number="26" hits="0"/>
						<line number="27" hits="0"/>
						<line number="28" hits="0"/>
						<line number="30" hits="0"/>
						<line number="43" hits="0"/>
						<line number="44" hits="0"/>
						<line number="45" hits="0"/>
						<line number="46" hits="0"/>
						<line number="47" hits="0"/>
						<line number="48" hits="0"/>
						<line number="49" hits="0"/>
						<line number="50" hits="0"/>
						<line number="52" hits="0"/>
						<line number="61" hits="0"/>
						<line number="64" hits="0"/>
						<line number="67" hits="0"/>
						<line number="68" hits="0"/>
						<line number="69" hits="0"/>
						<line number="71" hits="0"/>
						<line number="73" hits="0"/>
						<line number="77" hits="0"/>
						<line number="78" hits="0"/>
						<line number="80" hits="0"/>
						<line number="82" hits="0"/>
						<line number="83" hits="0"/>
						<line number="84" hits="0"/>
						<line number="87" hits="0"/>
						<line number="88" hits="0"/>
						<line number="95" hits="0"/>
						<line number="96" hits="0"/>
						<line number="98" hits="0"/>
						<line number="99" hits="0"/>
						<line number="102" hits="0"/>
						<line number="103" hits="0"/>
						<line number="104" hits="0"/>
						<line number="105" hits="0"/>
						<line number="106" hits="0"/>
						<line number="109" hits="0"/>
						<line number="114" hits="0"/>
						<line number="117" hits="0"/>
						<line number="149" hits="0"/>
						<line number="150" hits="0"/>
						<line number="152" hits="0"/>
						<line number="163" hits="0"/>
						<line number="164" hits="0"/>
						<line number="165" hits="0"/>
					</lines>
				</class>
				<class name="metadata_extractor.py" filename="services/metadata_extractor.py" complexity="0" line-rate="0" branch-rate="0">
					<methods/>
					<lines>
						<line number="1" hits="0"/>
						<line number="4" hits="0"/>
						<line number="5" hits="0"/>
						<line number="40" hits="0"/>
						<line number="41" hits="0"/>
						<line number="42" hits="0"/>
						<line number="44" hits="0"/>
						<line number="45" hits="0"/>
						<line number="47" hits="0"/>
						<line number="48" hits="0"/>
						<line number="50" hits="0"/>
						<line number="51" hits="0"/>
						<line number="53" hits="0"/>
						<line number="55" hits="0"/>
						<line number="56" hits="0"/>
						<line number="57" hits="0"/>
						<line number="59" hits="0"/>
						<line number="60" hits="0"/>
						<line number="61" hits="0"/>
						<line number="63" hits="0"/>
						<line number="64" hits="0"/>
						<line number="65" hits="0"/>
						<line number="67" hits="0"/>
						<line number="68" hits="0"/>
						<line number="69" hits="0"/>
						<line number="71" hits="0"/>
						<line number="72" hits="0"/>
						<line number="73" hits="0"/>
						<line number="74" hits="0"/>
						<line number="76" hits="0"/>
						<line number="77" hits="0"/>
						<line number="78" hits="0"/>
						<line number="79" hits="0"/>
						<line number="81" hits="0"/>
					</lines>
				</class>
				<class name="storage_client.py" filename="services/storage_client.py" complexity="0" line-rate="0" branch-rate="0">
					<methods/>
					<lines>
						<line number="3" hits="0"/>
						<line number="4" hits="0"/>
						<line number="5" hits="0"/>
						<line number="6" hits="0"/>
						<line number="7" hits="0"/>
						<line number="8" hits="0"/>
						<line number="10" hits="0"/>
						<line number="12" hits="0"/>
						<line number="14" hits="0"/>
						<line number="17" hits="0"/>
						<line number="18" hits="0"/>
						<line number="19" hits="0"/>
						<line number="20" hits="0"/>
						<line number="21" hits="0"/>
						<line number="22" hits="0"/>
						<line number="28" hits="0"/>
						<line number="29" hits="0"/>
						<line number="31" hits="0"/>
						<line number="32" hits="0"/>
						<line number="33" hits="0"/>
						<line number="34" hits="0"/>
						<line number="35" hits="0"/>
						<line number="36" hits="0"/>
						<line number="37" hits="0"/>
						<line number="39" hits="0"/>
						<line number="40" hits="0"/>
						<line number="41" hits="0"/>
						<line number="43" hits="0"/>
						<line number="44" hits="0"/>
						<line number="52" hits="0"/>
						<line number="53" hits="0"/>
						<line number="54" hits="0"/>
						<line number="56" hits="0"/>
						<line number="57" hits="0"/>
						<line number="58" hits="0"/>
						<line number="60" hits="0"/>
						<line number="61" hits="0"/>
						<line number="62" hits="0"/>
						<line number="64" hits="0"/>
						<line number="65" hits="0"/>
						<line number="67" hits="0"/>
						<line number="68" hits="0"/>
						<line number="69" hits="0"/>
						<line number="70" hits="0"/>
						<line number="72" hits="0"/>
						<line number="73" hits="0"/>
						<line number="75" hits="0"/>
						<line number="77" hits="0"/>
						<line number="78" hits="0"/>
						<line number="79" hits="0"/>
						<line number="81" hits="0"/>
						<line number="82" hits="0"/>
						<line number="84" hits="0"/>
						<line number="85" hits="0"/>
						<line number="86" hits="0"/>
						<line number="88" hits="0"/>
						<line number="89" hits="0"/>
						<line number="90" hits="0"/>
						<line number="92" hits="0"/>
						<line number="93" hits="0"/>
						<line number="100" hits="0"/>
						<line number="101" hits="0"/>
						<line number="102" hits="0"/>
						<line number="103" hits="0"/>
						<line number="104" hits="0"/>
						<line number="106" hits="0"/>
						<line number="107" hits="0"/>
						<line number="109" hits="0"/>
						<line number="110" hits="0"/>
						<line number="111" hits="0"/>
						<line number="112" hits="0"/>
						<line number="113" hits="0"/>
						<line number="114" hits="0"/>
					</lines>
				</class>
				<class name="text_cleaning_service.py" filename="services/text_cleaning_service.py" complexity="0" line-rate="0" branch-rate="0">
					<methods/>
					<lines>
						<line number="1" hits="0"/>
						<line number="2" hits="0"/>
						<line number="3" hits="0"/>
						<line number="6" hits="0"/>
						<line number="7" hits="0"/>
						<line number="18" hits="0"/>
						<line number="25" hits="0"/>
						<line number="33" hits="0"/>
						<line number="34" hits="0"/>
						<line number="36" hits="0"/>
						<line number="37" hits="0"/>
						<line number="38" hits="0"/>
						<line number="40" hits="0"/>
						<line number="41" hits="0"/>
						<line number="42" hits="0"/>
						<line number="44" hits="0"/>
						<line number="45" hits="0"/>
						<line number="46" hits="0"/>
						<line number="48" hits="0"/>
						<line number="49" hits="0"/>
						<line number="50" hits="0"/>
						<line number="52" hits="0"/>
						<line number="53" hits="0"/>
						<line number="54" hits="0"/>
						<line number="56" hits="0"/>
						<line number="58" hits="0"/>
						<line number="59" hits="0"/>
						<line number="60" hits="0"/>
						<line number="61" hits="0"/>
						<line number="63" hits="0"/>
						<line number="64" hits="0"/>
						<line number="65" hits="0"/>
						<line number="66" hits="0"/>
						<line number="68" hits="0"/>
						<line number="69" hits="0"/>
						<line number="70" hits="0"/>
						<line number="71" hits="0"/>
						<line number="72" hits="0"/>
						<line number="73" hits="0"/>
						<line number="74" hits="0"/>
						<line number="75" hits="0"/>
						<line number="76" hits="0"/>
						<line number="78" hits="0"/>
						<line number="79" hits="0"/>
						<line number="80" hits="0"/>
						<line number="81" hits="0"/>
						<line number="82" hits="0"/>
						<line number="85" hits="0"/>
						<line number="86" hits="0"/>
						<line number="87" hits="0"/>
						<line number="89" hits="0"/>
						<line number="90" hits="0"/>
						<line number="91" hits="0"/>
						<line number="92" hits="0"/>
						<line number="93" hits="0"/>
						<line number="96" hits="0"/>
						<line number="97" hits="0"/>
						<line number="98" hits="0"/>
					</lines>
				</class>
			</classes>
		</package>
		<package name="utils" line-rate="1" branch-rate="0" complexity="0">
			<classes>
				<class name="__init__.py" filename="utils/__init__.py" complexity="0" line-rate="1" branch-rate="0">
					<methods/>
					<lines/>
				</class>
			</classes>
		</package>
		<package name="workers" line-rate="0.04348" branch-rate="0" complexity="0">
			<classes>
				<class name="__init__.py" filename="workers/__init__.py" complexity="0" line-rate="1" branch-rate="0">
					<methods/>
					<lines/>
				</class>
				<class name="ingestion_worker.py" filename="workers/ingestion_worker.py" complexity="0" line-rate="0.08571" branch-rate="0">
					<methods/>
					<lines>
						<line number="1" hits="1"/>
						<line number="2" hits="1"/>
						<line number="4" hits="1"/>
						<line number="5" hits="0"/>
						<line number="6" hits="0"/>
						<line number="7" hits="0"/>
						<line number="8" hits="0"/>
						<line number="9" hits="0"/>
						<line number="10" hits="0"/>
						<line number="11" hits="0"/>
						<line number="12" hits="0"/>
						<line number="13" hits="0"/>
						<line number="14" hits="0"/>
						<line number="15" hits="0"/>
						<line number="16" hits="0"/>
						<line number="18" hits="0"/>
						<line number="21" hits="0"/>
						<line number="22" hits="0"/>
						<line number="23" hits="0"/>
						<line number="40" hits="0"/>
						<line number="50" hits="0"/>
						<line number="51" hits="0"/>
						<line number="52" hits="0"/>
						<line number="60" hits="0"/>
						<line number="61" hits="0"/>
						<line number="62" hits="0"/>
						<line number="63" hits="0"/>
						<line number="64" hits="0"/>
						<line number="65" hits="0"/>
						<line number="66" hits="0"/>
						<line number="69" hits="0"/>
						<line number="72" hits="0"/>
						<line number="74" hits="0"/>
						<line number="75" hits="0"/>
						<line number="76" hits="0"/>
					</lines>
				</class>
				<class name="job_service.py" filename="workers/job_service.py" complexity="0" line-rate="0" branch-rate="0">
					<methods/>
					<lines>
						<line number="1" hits="0"/>
						<line number="2" hits="0"/>
						<line number="3" hits="0"/>
						<line number="6" hits="0"/>
						<line number="7" hits="0"/>
						<line number="8" hits="0"/>
						<line number="10" hits="0"/>
						<line number="11" hits="0"/>
						<line number="12" hits="0"/>
						<line number="18" hits="0"/>
						<line number="20" hits="0"/>
						<line number="21" hits="0"/>
						<line number="22" hits="0"/>
						<line number="23" hits="0"/>
						<line number="25" hits="0"/>
						<line number="27" hits="0"/>
						<line number="28" hits="0"/>
						<line number="29" hits="0"/>
						<line number="31" hits="0"/>
						<line number="32" hits="0"/>
						<line number="33" hits="0"/>
						<line number="35" hits="0"/>
						<line number="36" hits="0"/>
						<line number="38" hits="0"/>
						<line number="39" hits="0"/>
						<line number="41" hits="0"/>
						<line number="42" hits="0"/>
						<line number="43" hits="0"/>
						<line number="44" hits="0"/>
						<line number="45" hits="0"/>
						<line number="46" hits="0"/>
						<line number="47" hits="0"/>
						<line number="48" hits="0"/>
						<line number="51" hits="0"/>
					</lines>
				</class>
			</classes>
		</package>
	</packages>
</coverage>
